High priority task is running...
Task 0 (Priority 0) started at: 151472.818035167
Task 0 (Priority 0) ended at: 151473.818197165
High priority task is running...
Task 0 (Priority 0) started at: 151473.818611872
Task 0 (Priority 0) ended at: 151474.818716041
High priority task is running...
Task 0 (Priority 0) started at: 151474.818770190
Task 0 (Priority 0) ended at: 151475.818866589
Medium priority task is running...
Task 1 (Priority 1) started at: 151476.818671659
Task 1 (Priority 1) ended at: 151478.818793538
Medium priority task is running...
Task 1 (Priority 1) started at: 151478.818852738
Task 1 (Priority 1) ended at: 151480.818936525
Medium priority task is running...
Task 1 (Priority 1) started at: 151480.819010495
Task 1 (Priority 1) ended at: 151482.819101322
Low priority task is running...
Task 2 (Priority 2) started at: 151482.819167431
Task 2 (Priority 2) ended at: 151485.819257899
Low priority task is running...
Task 2 (Priority 2) started at: 151485.819328758
Task 2 (Priority 2) ended at: 151488.819387715
Low priority task is running...
Task 2 (Priority 2) started at: 151488.819442804
Task 2 (Priority 2) ended at: 151491.819551160
High priority task is running...
Task 0 (Priority 0) started at: 151491.819621200
Task 0 (Priority 0) ended at: 151492.819707629
High priority task is running...
Task 0 (Priority 0) started at: 151492.819776898
Task 0 (Priority 0) ended at: 151493.819871107
High priority task is running...
Task 0 (Priority 0) started at: 151494.819670587
Task 0 (Priority 0) ended at: 151495.819777335
Medium priority task is running...
Task 1 (Priority 1) started at: 151495.819840895
Task 1 (Priority 1) ended at: 151497.819929072
Medium priority task is running...
Task 1 (Priority 1) started at: 151497.819986742
Task 1 (Priority 1) ended at: 151499.820084422
Medium priority task is running...
Task 1 (Priority 1) started at: 151499.820139231
Task 1 (Priority 1) ended at: 151501.820229268
Low priority task is running...
Task 2 (Priority 2) started at: 151501.820286368
Task 2 (Priority 2) ended at: 151504.820373195
Low priority task is running...
Task 2 (Priority 2) started at: 151504.820543684
Task 2 (Priority 2) ended at: 151507.820628630
Low priority task is running...
Task 2 (Priority 2) started at: 151507.820819278
Task 2 (Priority 2) ended at: 151510.821076663
High priority task is running...
Task 0 (Priority 0) started at: 151510.821138253
Task 0 (Priority 0) ended at: 151511.821232130
High priority task is running...
Task 0 (Priority 0) started at: 151511.821296030
Task 0 (Priority 0) ended at: 151512.821382758
High priority task is running...
Task 0 (Priority 0) started at: 151513.821205409
Task 0 (Priority 0) ended at: 151514.821314278
Medium priority task is running...
Task 1 (Priority 1) started at: 151514.821359677
Task 1 (Priority 1) ended at: 151516.821447184
Medium priority task is running...
Task 1 (Priority 1) started at: 151516.821508294
Task 1 (Priority 1) ended at: 151518.821588721
Medium priority task is running...
Task 1 (Priority 1) started at: 151518.821775910
Task 1 (Priority 1) ended at: 151520.821867167
Low priority task is running...
Task 2 (Priority 2) started at: 151520.821933397
Task 2 (Priority 2) ended at: 151523.822020625
Low priority task is running...
Task 2 (Priority 2) started at: 151523.822180973
Task 2 (Priority 2) ended at: 151526.822264603
Low priority task is running...
Task 2 (Priority 2) started at: 151526.822339962
Task 2 (Priority 2) ended at: 151529.822435578
High priority task is running...
Task 0 (Priority 0) started at: 151529.822705995
Task 0 (Priority 0) ended at: 151530.822799024
High priority task is running...
Task 0 (Priority 0) started at: 151530.822865314
Task 0 (Priority 0) ended at: 151531.822957370
High priority task is running...
Task 0 (Priority 0) started at: 151532.822559773
Task 0 (Priority 0) ended at: 151533.822668021
Medium priority task is running...
Task 1 (Priority 1) started at: 151533.822934250
Task 1 (Priority 1) ended at: 151535.823039806
Medium priority task is running...
Task 1 (Priority 1) started at: 151535.823207245
Task 1 (Priority 1) ended at: 151537.823298810
Medium priority task is running...
Task 1 (Priority 1) started at: 151537.823381830
Task 1 (Priority 1) ended at: 151539.823468078
Low priority task is running...
Task 2 (Priority 2) started at: 151539.823629697
Task 2 (Priority 2) ended at: 151542.823711454
Low priority task is running...
Task 2 (Priority 2) started at: 151542.823767003
Task 2 (Priority 2) ended at: 151545.823834689
Low priority task is running...
Task 2 (Priority 2) started at: 151545.823901758
Task 2 (Priority 2) ended at: 151548.823958748
High priority task is running...
Task 0 (Priority 0) started at: 151548.824033937
Task 0 (Priority 0) ended at: 151549.824115976
High priority task is running...
Task 0 (Priority 0) started at: 151549.824169826
Task 0 (Priority 0) ended at: 151550.824249024
High priority task is running...
Task 0 (Priority 0) started at: 151551.824088416
Task 0 (Priority 0) ended at: 151552.824206365
Medium priority task is running...
Task 1 (Priority 1) started at: 151552.824278825
Task 1 (Priority 1) ended at: 151554.824369764
Medium priority task is running...
Task 1 (Priority 1) started at: 151554.824593902
Task 1 (Priority 1) ended at: 151556.824697589
Medium priority task is running...
Task 1 (Priority 1) started at: 151556.824766179
Task 1 (Priority 1) ended at: 151558.824849996
Low priority task is running...
Task 2 (Priority 2) started at: 151558.824902805
Task 2 (Priority 2) ended at: 151561.824972401
Low priority task is running...
Task 2 (Priority 2) started at: 151561.825028091
Task 2 (Priority 2) ended at: 151564.825126559
Low priority task is running...
Task 2 (Priority 2) started at: 151564.825348007
Task 2 (Priority 2) ended at: 151567.825436423
High priority task is running...
Task 0 (Priority 0) started at: 151567.825502382
Task 0 (Priority 0) ended at: 151568.825613689
High priority task is running...
Task 0 (Priority 0) started at: 151568.825675069
Task 0 (Priority 0) ended at: 151569.825763507
High priority task is running...
Task 0 (Priority 0) started at: 151570.825562558
Task 0 (Priority 0) ended at: 151571.825681266
Medium priority task is running...
Task 1 (Priority 1) started at: 151571.825909455
Task 1 (Priority 1) ended at: 151573.826002203
Medium priority task is running...
Task 1 (Priority 1) started at: 151573.826062162
Task 1 (Priority 1) ended at: 151575.826153180
Medium priority task is running...
Task 1 (Priority 1) started at: 151575.826342898
Task 1 (Priority 1) ended at: 151577.826431176
Low priority task is running...
Task 2 (Priority 2) started at: 151577.826493945
Task 2 (Priority 2) ended at: 151580.826566282
Low priority task is running...
Task 2 (Priority 2) started at: 151580.826635891
Task 2 (Priority 2) ended at: 151583.826716628
Low priority task is running...
Task 2 (Priority 2) started at: 151583.826834437
Task 2 (Priority 2) ended at: 151586.826913643
High priority task is running...
Task 0 (Priority 0) started at: 151586.826984323
Task 0 (Priority 0) ended at: 151587.827067632
High priority task is running...
Task 0 (Priority 0) started at: 151587.827126961
Task 0 (Priority 0) ended at: 151588.827205379
High priority task is running...
Task 0 (Priority 0) started at: 151589.827036839
Task 0 (Priority 0) ended at: 151590.827148537
Medium priority task is running...
Task 1 (Priority 1) started at: 151590.827221167
Task 1 (Priority 1) ended at: 151592.827310214
Medium priority task is running...
Task 1 (Priority 1) started at: 151592.827372053
Task 1 (Priority 1) ended at: 151594.827452761
Medium priority task is running...
Task 1 (Priority 1) started at: 151594.827501011
Task 1 (Priority 1) ended at: 151596.827582857
Low priority task is running...
Task 2 (Priority 2) started at: 151596.827642197
Task 2 (Priority 2) ended at: 151599.827708004
Low priority task is running...
Task 2 (Priority 2) started at: 151599.827762364
Task 2 (Priority 2) ended at: 151602.827852112
Low priority task is running...
Task 2 (Priority 2) started at: 151602.828057231
Task 2 (Priority 2) ended at: 151605.828143527
High priority task is running...
Task 0 (Priority 0) started at: 151605.828313855
Task 0 (Priority 0) ended at: 151606.828405125
High priority task is running...
Task 0 (Priority 0) started at: 151606.828484074
Task 0 (Priority 0) ended at: 151607.828580883
High priority task is running...
Task 0 (Priority 0) started at: 151608.828267565
Task 0 (Priority 0) ended at: 151609.828376743
Medium priority task is running...
Task 1 (Priority 1) started at: 151609.828559402
Task 1 (Priority 1) ended at: 151611.828650859
Medium priority task is running...
Task 1 (Priority 1) started at: 151611.828720799
Task 1 (Priority 1) ended at: 151613.828803337
Medium priority task is running...
Task 1 (Priority 1) started at: 151613.828871237
Task 1 (Priority 1) ended at: 151615.828954255
Low priority task is running...
Task 2 (Priority 2) started at: 151615.829018384
Task 2 (Priority 2) ended at: 151618.829085026
Low priority task is running...
Task 2 (Priority 2) started at: 151618.829144346
Task 2 (Priority 2) ended at: 151621.829231344
Low priority task is running...
Task 2 (Priority 2) started at: 151621.829299394
Task 2 (Priority 2) ended at: 151624.829385291
High priority task is running...
