Total DISK READ:         0.00 B/s | Total DISK WRITE:         0.00 B/s
Current DISK READ:       0.00 B/s | Current DISK WRITE:       0.00 B/s
    PID  PRIO  USER     DISK READ  DISK WRITE  SWAPIN      IO    COMMAND
Total DISK READ:        15.62 K/s | Total DISK WRITE:       761.25 K/s
Current DISK READ:      15.62 K/s | Current DISK WRITE:     171.77 K/s
    PID  PRIO  USER     DISK READ  DISK WRITE  SWAPIN      IO    COMMAND
    330 be/3 root        0.00 B/s   31.23 K/s  ?unavailable?  [jbd2/vda1-8]
    662 be/4 root        0.00 B/s    3.90 K/s  ?unavailable?  NetworkManager --no-daemon
 171706 be/4 root        0.00 B/s    3.90 K/s  ?unavailable?  sftp-server
 175913 be/4 root       15.62 K/s  499.70 K/s  ?unavailable?  cpptools
 200402 be/4 root        0.00 B/s  218.62 K/s  ?unavailable?  cpptools
 213031 be/4 root        0.00 B/s    3.90 K/s  ?unavailable?  python3 /usr/sbin/iotop -obP
Total DISK READ:         0.00 B/s | Total DISK WRITE:       339.02 K/s
Current DISK READ:       0.00 B/s | Current DISK WRITE:    1425.44 K/s
    PID  PRIO  USER     DISK READ  DISK WRITE  SWAPIN      IO    COMMAND
    330 be/3 root        0.00 B/s    3.85 K/s  ?unavailable?  [jbd2/vda1-8]
 148329 be/3 root        0.00 B/s  154.10 K/s  ?unavailable?  systemd-journald
 156639 be/4 root        0.00 B/s    0.00 B/s  ?unavailable?  cpptools
 213031 be/4 root        0.00 B/s    3.85 K/s  ?unavailable?  python3 /usr/sbin/iotop -obP
Total DISK READ:         0.00 B/s | Total DISK WRITE:         3.89 K/s
Current DISK READ:       0.00 B/s | Current DISK WRITE:       0.00 B/s
    PID  PRIO  USER     DISK READ  DISK WRITE  SWAPIN      IO    COMMAND
 213031 be/4 root        0.00 B/s    3.89 K/s  ?unavailable?  python3 /usr/sbin/iotop -obP
Total DISK READ:         0.00 B/s | Total DISK WRITE:       190.89 K/s
Current DISK READ:       0.00 B/s | Current DISK WRITE:     132.45 K/s
    PID  PRIO  USER     DISK READ  DISK WRITE  SWAPIN      IO    COMMAND
    330 be/3 root        0.00 B/s    3.90 K/s  ?unavailable?  [jbd2/vda1-8]
  16697 be/3 root        0.00 B/s   42.85 K/s  ?unavailable?  [jbd2/vdb-8]
 148329 be/3 root        0.00 B/s  144.14 K/s  ?unavailable?  systemd-journald
Total DISK READ:         0.00 B/s | Total DISK WRITE:       216.87 K/s
Current DISK READ:       0.00 B/s | Current DISK WRITE:       0.00 B/s
    PID  PRIO  USER     DISK READ  DISK WRITE  SWAPIN      IO    COMMAND
    678 be/4 syslog      0.00 B/s    3.87 K/s  ?unavailable?  rsyslogd -n -iNONE
 148329 be/3 root        0.00 B/s   15.49 K/s  ?unavailable?  systemd-journald
 160167 be/4 root        0.00 B/s  154.91 K/s  ?unavailable?  cpptools
 169808 be/4 root        0.00 B/s    0.00 B/s  ?unavailable?  cpptools
Total DISK READ:         0.00 B/s | Total DISK WRITE:        46.66 K/s
Current DISK READ:       0.00 B/s | Current DISK WRITE:       0.00 B/s
    PID  PRIO  USER     DISK READ  DISK WRITE  SWAPIN      IO    COMMAND
 148329 be/3 root        0.00 B/s   46.66 K/s  ?unavailable?  systemd-journald
Total DISK READ:         0.00 B/s | Total DISK WRITE:         3.89 K/s
Current DISK READ:       0.00 B/s | Current DISK WRITE:      38.86 K/s
    PID  PRIO  USER     DISK READ  DISK WRITE  SWAPIN      IO    COMMAND
 175819 be/4 root        0.00 B/s    3.89 K/s  ?unavailable?  node --dns-result-order=ipv4first /root/.vscode-server/cli/servers/Stable-f1a4fb101478ce6ec82fe9627c43efbf9e98c813/server/out/bootstrap-fork --type=extensionHost --transformURIs --useHostProxy=false
Total DISK READ:         0.00 B/s | Total DISK WRITE:      1169.06 K/s
Current DISK READ:       0.00 B/s | Current DISK WRITE:       0.00 B/s
    PID  PRIO  USER     DISK READ  DISK WRITE  SWAPIN      IO    COMMAND
 148329 be/3 root        0.00 B/s   11.65 K/s  ?unavailable?  systemd-journald
 156639 be/4 root        0.00 B/s   69.91 K/s  ?unavailable?  cpptools
 175913 be/4 root        0.00 B/s    0.00 B/s  ?unavailable?  cpptools
 200324 be/4 root        0.00 B/s    3.88 K/s  ?unavailable?  node --dns-result-order=ipv4first /root/.vscode-server/cli/servers/Stable-f1a4fb101478ce6ec82fe9627c43efbf9e98c813/server/out/bootstrap-fork --type=extensionHost --transformURIs --useHostProxy=false
 200402 be/4 root        0.00 B/s    0.00 B/s  ?unavailable?  cpptools
 213031 be/4 root        0.00 B/s    3.88 K/s  ?unavailable?  python3 /usr/sbin/iotop -obP
 213067 be/4 root        0.00 B/s    7.77 K/s  ?unavailable?  sshd: root [priv]
Total DISK READ:         0.00 B/s | Total DISK WRITE:        27.22 K/s
Current DISK READ:       0.00 B/s | Current DISK WRITE:     108.86 K/s
    PID  PRIO  USER     DISK READ  DISK WRITE  SWAPIN      IO    COMMAND
    330 be/3 root        0.00 B/s    3.89 K/s  ?unavailable?  [jbd2/vda1-8]
  16697 be/3 root        0.00 B/s    7.78 K/s  ?unavailable?  [jbd2/vdb-8]
 148329 be/3 root        0.00 B/s   11.66 K/s  ?unavailable?  systemd-journald
 213031 be/4 root        0.00 B/s    3.89 K/s  ?unavailable?  python3 /usr/sbin/iotop -obP
Total DISK READ:         0.00 B/s | Total DISK WRITE:         0.00 B/s
Current DISK READ:       0.00 B/s | Current DISK WRITE:     159.24 K/s
    PID  PRIO  USER     DISK READ  DISK WRITE  SWAPIN      IO    COMMAND
Total DISK READ:         0.00 B/s | Total DISK WRITE:        22.69 K/s
Current DISK READ:       0.00 B/s | Current DISK WRITE:     230.66 K/s
    PID  PRIO  USER     DISK READ  DISK WRITE  SWAPIN      IO    COMMAND
    678 be/4 syslog      0.00 B/s    3.78 K/s  ?unavailable?  rsyslogd -n -iNONE
 148329 be/3 root        0.00 B/s   18.91 K/s  ?unavailable?  systemd-journald
Total DISK READ:         0.00 B/s | Total DISK WRITE:         0.00 B/s
Current DISK READ:       0.00 B/s | Current DISK WRITE:     260.72 K/s
    PID  PRIO  USER     DISK READ  DISK WRITE  SWAPIN      IO    COMMAND
Total DISK READ:         0.00 B/s | Total DISK WRITE:       136.20 K/s
Current DISK READ:       0.00 B/s | Current DISK WRITE:       7.78 K/s
    PID  PRIO  USER     DISK READ  DISK WRITE  SWAPIN      IO    COMMAND
 148329 be/3 root        0.00 B/s  132.31 K/s  ?unavailable?  systemd-journald
 213031 be/4 root        0.00 B/s    3.89 K/s  ?unavailable?  python3 /usr/sbin/iotop -obP
Total DISK READ:         0.00 B/s | Total DISK WRITE:       112.99 K/s
Current DISK READ:       0.00 B/s | Current DISK WRITE:     101.30 K/s
    PID  PRIO  USER     DISK READ  DISK WRITE  SWAPIN      IO    COMMAND
    330 be/3 root        0.00 B/s   50.65 K/s  ?unavailable?  [jbd2/vda1-8]
   8195 be/4 root        0.00 B/s    3.90 K/s  ?unavailable?  hostguard --daemon
  16697 be/3 root        0.00 B/s   27.27 K/s  ?unavailable?  [jbd2/vdb-8]
 148329 be/3 root        0.00 B/s   15.58 K/s  ?unavailable?  systemd-journald
 156639 be/4 root        0.00 B/s    0.00 B/s  ?unavailable?  cpptools
Total DISK READ:         0.00 B/s | Total DISK WRITE:       105.14 K/s
Current DISK READ:       0.00 B/s | Current DISK WRITE:       3.89 K/s
    PID  PRIO  USER     DISK READ  DISK WRITE  SWAPIN      IO    COMMAND
 169808 be/4 root        0.00 B/s  105.14 K/s  ?unavailable?  cpptools
Total DISK READ:         0.00 B/s | Total DISK WRITE:       459.51 K/s
Current DISK READ:       0.00 B/s | Current DISK WRITE:    1538.18 K/s
    PID  PRIO  USER     DISK READ  DISK WRITE  SWAPIN      IO    COMMAND
    678 be/4 syslog      0.00 B/s    3.89 K/s  ?unavailable?  rsyslogd -n -iNONE
  16697 be/3 root        0.00 B/s    7.79 K/s  ?unavailable?  [jbd2/vdb-8]
 148329 be/3 root        0.00 B/s   42.84 K/s  ?unavailable?  systemd-journald
 169617 be/4 root        0.00 B/s   15.58 K/s  ?unavailable?  node /root/.vscode-server/cli/servers/Stable-f1a4fb101478ce6ec82fe9627c43efbf9e98c813/server/out/server-main.js --connection-token=remotessh --accept-server-license-terms --start-server --enable-remote-auto-shutdown --socket-path=/tmp/code-2094326e-623b-46f6-947c-501db3132a56
 169808 be/4 root        0.00 B/s  101.25 K/s  ?unavailable?  cpptools
 175913 be/4 root        0.00 B/s  144.08 K/s  ?unavailable?  cpptools
 200402 be/4 root        0.00 B/s  144.08 K/s  ?unavailable?  cpptools
Total DISK READ:         0.00 B/s | Total DISK WRITE:       276.05 K/s
Current DISK READ:       0.00 B/s | Current DISK WRITE:     225.51 K/s
    PID  PRIO  USER     DISK READ  DISK WRITE  SWAPIN      IO    COMMAND
    330 be/3 root        0.00 B/s   62.21 K/s  ?unavailable?  [jbd2/vda1-8]
  16697 be/3 root        0.00 B/s    7.78 K/s  ?unavailable?  [jbd2/vdb-8]
 169617 be/4 root        0.00 B/s   27.22 K/s  ?unavailable?  node /root/.vscode-server/cli/servers/Stable-f1a4fb101478ce6ec82fe9627c43efbf9e98c813/server/out/server-main.js --connection-token=remotessh --accept-server-license-terms --start-server --enable-remote-auto-shutdown --socket-path=/tmp/code-2094326e-623b-46f6-947c-501db3132a56
 169808 be/4 root        0.00 B/s   85.54 K/s  ?unavailable?  cpptools
 175913 be/4 root        0.00 B/s   46.66 K/s  ?unavailable?  cpptools
 200402 be/4 root        0.00 B/s   46.66 K/s  ?unavailable?  cpptools
Total DISK READ:         0.00 B/s | Total DISK WRITE:       128.38 K/s
Current DISK READ:       0.00 B/s | Current DISK WRITE:     221.75 K/s
    PID  PRIO  USER     DISK READ  DISK WRITE  SWAPIN      IO    COMMAND
   8182 be/4 root        0.00 B/s    7.78 K/s  ?unavailable?  hostwatch --daemon --umask=027
 148329 be/3 root        0.00 B/s   19.45 K/s  ?unavailable?  systemd-journald
 156639 be/4 root        0.00 B/s   81.70 K/s  ?unavailable?  cpptools
 156676 be/4 root        0.00 B/s    7.78 K/s  ?unavailable?  cpptools-srv 156639 {B58DCBD9-5BD2-4B0B-9119-B256F011773F}
 169649 be/4 root        0.00 B/s    3.89 K/s  ?unavailable?  node --dns-result-order=ipv4first /root/.vscode-server/cli/servers/Stable-f1a4fb101478ce6ec82fe9627c43efbf9e98c813/server/out/bootstrap-fork --type=extensionHost --transformURIs --useHostProxy=false
 213031 be/4 root        0.00 B/s    3.89 K/s  ?unavailable?  python3 /usr/sbin/iotop -obP
 213120 be/4 root        0.00 B/s    3.89 K/s  ?unavailable?  sshd: root [priv]
Total DISK READ:         0.00 B/s | Total DISK WRITE:       170.74 K/s
Current DISK READ:       0.00 B/s | Current DISK WRITE:      31.04 K/s
    PID  PRIO  USER     DISK READ  DISK WRITE  SWAPIN      IO    COMMAND
 148329 be/3 root        0.00 B/s  128.05 K/s  ?unavailable?  systemd-journald
 156639 be/4 root        0.00 B/s   38.80 K/s  ?unavailable?  cpptools
 213031 be/4 root        0.00 B/s    3.88 K/s  ?unavailable?  python3 /usr/sbin/iotop -obP
Total DISK READ:         0.00 B/s | Total DISK WRITE:      1913.12 K/s
Current DISK READ:       0.00 B/s | Current DISK WRITE:       0.00 B/s
    PID  PRIO  USER     DISK READ  DISK WRITE  SWAPIN      IO    COMMAND
 156639 be/4 root        0.00 B/s   38.65 K/s  ?unavailable?  cpptools
 156676 be/4 root        0.00 B/s    3.86 K/s  ?unavailable?  cpptools-srv 156639 {B58DCBD9-5BD2-4B0B-9119-B256F011773F}
 189501 be/4 root        0.00 B/s 1870.61 K/s  ?unavailable?  cpptools
Total DISK READ:         0.00 B/s | Total DISK WRITE:        46.71 K/s
Current DISK READ:       0.00 B/s | Current DISK WRITE:     159.58 K/s
    PID  PRIO  USER     DISK READ  DISK WRITE  SWAPIN      IO    COMMAND
 148329 be/3 root        0.00 B/s   46.71 K/s  ?unavailable?  systemd-journald
Total DISK READ:         0.00 B/s | Total DISK WRITE:       365.86 K/s
Current DISK READ:       0.00 B/s | Current DISK WRITE:     373.65 K/s
    PID  PRIO  USER     DISK READ  DISK WRITE  SWAPIN      IO    COMMAND
    330 be/3 root        0.00 B/s   62.27 K/s  ?unavailable?  [jbd2/vda1-8]
  16697 be/3 root        0.00 B/s   15.57 K/s  ?unavailable?  [jbd2/vdb-8]
 169808 be/4 root        0.00 B/s    0.00 B/s  ?unavailable?  cpptools
 200402 be/4 root        0.00 B/s    0.00 B/s  ?unavailable?  cpptools
Total DISK READ:         0.00 B/s | Total DISK WRITE:       260.83 K/s
Current DISK READ:       0.00 B/s | Current DISK WRITE:     186.86 K/s
    PID  PRIO  USER     DISK READ  DISK WRITE  SWAPIN      IO    COMMAND
    678 be/4 syslog      0.00 B/s    3.89 K/s  ?unavailable?  rsyslogd -n -iNONE
 148329 be/3 root        0.00 B/s  128.47 K/s  ?unavailable?  systemd-journald
 175913 be/4 root        0.00 B/s    0.00 B/s  ?unavailable?  cpptools
 213153 be/4 root        0.00 B/s    3.89 K/s  ?unavailable?  sshd: root [priv]
Total DISK READ:         0.00 B/s | Total DISK WRITE:        19.46 K/s
Current DISK READ:       0.00 B/s | Current DISK WRITE:       0.00 B/s
    PID  PRIO  USER     DISK READ  DISK WRITE  SWAPIN      IO    COMMAND
 148329 be/3 root        0.00 B/s   15.57 K/s  ?unavailable?  systemd-journald
 213031 be/4 root        0.00 B/s    3.89 K/s  ?unavailable?  python3 /usr/sbin/iotop -obP
Total DISK READ:         0.00 B/s | Total DISK WRITE:        54.13 K/s
Current DISK READ:       0.00 B/s | Current DISK WRITE:       0.00 B/s
    PID  PRIO  USER     DISK READ  DISK WRITE  SWAPIN      IO    COMMAND
 148329 be/3 root        0.00 B/s   50.26 K/s  ?unavailable?  systemd-journald
 213031 be/4 root        0.00 B/s    3.87 K/s  ?unavailable?  python3 /usr/sbin/iotop -obP
