==1240697== Memcheck, a memory error detector
==1240697== Copyright (C) 2002-2024, and GNU GPL'd, by Julian Seward et al.
==1240697== Using Valgrind-3.24.0 and LibVEX; rerun with -h for copyright info
==1240697== Command: ./memory_optimization_test
==1240697== Parent PID: 1168737
==1240697== 
==1240697== 
==1240697== HEAP SUMMARY:
==1240697==     in use at exit: 2,400 bytes in 51 blocks
==1240697==   total heap usage: 102 allocs, 51 frees, 5,424 bytes allocated
==1240697== 
==1240697== 400 bytes in 1 blocks are definitely lost in loss record 1 of 2
==1240697==    at 0x484880F: malloc (vg_replace_malloc.c:446)
==1240697==    by 0x1091BE: leak_memory (in /mnt/data/Sunruiyang/Memory/homework/memory_optimization_test)
==1240697==    by 0x10924A: main (in /mnt/data/Sunruiyang/Memory/homework/memory_optimization_test)
==1240697== 
==1240697== 2,000 bytes in 50 blocks are definitely lost in loss record 2 of 2
==1240697==    at 0x484880F: malloc (vg_replace_malloc.c:446)
==1240697==    by 0x1091FA: fragmented_memory (in /mnt/data/Sunruiyang/Memory/homework/memory_optimization_test)
==1240697==    by 0x109254: main (in /mnt/data/Sunruiyang/Memory/homework/memory_optimization_test)
==1240697== 
==1240697== LEAK SUMMARY:
==1240697==    definitely lost: 2,400 bytes in 51 blocks
==1240697==    indirectly lost: 0 bytes in 0 blocks
==1240697==      possibly lost: 0 bytes in 0 blocks
==1240697==    still reachable: 0 bytes in 0 blocks
==1240697==         suppressed: 0 bytes in 0 blocks
==1240697== 
==1240697== For lists of detected and suppressed errors, rerun with: -s
==1240697== ERROR SUMMARY: 2 errors from 2 contexts (suppressed: 0 from 0)
